#
# There is insufficient memory for the Java Runtime Environment to continue.
# Native memory allocation (mmap) failed to map 260046848 bytes for Failed to commit area from 0x0000000709400000 to 0x0000000718c00000 of length 260046848.
# Possible reasons:
#   The system is out of physical RAM or swap space
#   The process is running with CompressedOops enabled, and the Java Heap may be blocking the growth of the native heap
# Possible solutions:
#   Reduce memory load on the system
#   Increase physical memory or swap space
#   Check if swap backing store is full
#   Decrease Java heap size (-Xmx/-Xms)
#   Decrease number of Java threads
#   Decrease Java thread stack sizes (-Xss)
#   Set larger code cache with -XX:ReservedCodeCacheSize=
# This output file may be truncated or incomplete.
#
#  Out of Memory Error (t:/workspace/open/src/hotspot/os/windows/os_windows.cpp:3264), pid=43852, tid=42512
#
# JRE version:  (12.0.2+10) (build )
# Java VM: Java HotSpot(TM) 64-Bit Server VM (12.0.2+10, mixed mode, aot, sharing, tiered, compressed oops, g1 gc, windows-amd64)
# No core dump will be written. Minidumps are not enabled by default on client versions of Windows
#

---------------  S U M M A R Y ------------

Command Line: -Dfile.encoding=UTF-8 --module-path=C:\Users\anshu\OneDrive\Documents\NetBeansProjects\Airline Management System\build\classes AMS.UpdatePassenger

Host: AMD Ryzen 7 4800H with Radeon Graphics         , 16 cores, 15G,  Windows 10 , 64 bit Build 22621 (10.0.22621.2506)
Time: Thu Dec 21 01:36:29 2023 India Standard Time elapsed time: 0 seconds (0d 0h 0m 0s)

---------------  T H R E A D  ---------------

Current thread (0x000001ea445f2000):  JavaThread "Unknown thread" [_thread_in_vm, id=42512, stack(0x00000070fb700000,0x00000070fb800000)]

Stack: [0x00000070fb700000,0x00000070fb800000]
Native frames: (J=compiled Java code, j=interpreted, Vv=VM code, C=native code)
V  [jvm.dll+0x63aa2a]
V  [jvm.dll+0x78ce1e]
V  [jvm.dll+0x78e4c1]
V  [jvm.dll+0x78eb13]
V  [jvm.dll+0x2627e8]
V  [jvm.dll+0x637f5a]
V  [jvm.dll+0x62c845]
V  [jvm.dll+0x31e49c]
V  [jvm.dll+0x31e2cf]
V  [jvm.dll+0x324006]
V  [jvm.dll+0x371f56]
V  [jvm.dll+0x371720]
V  [jvm.dll+0x2f845a]
V  [jvm.dll+0x2f96d2]
V  [jvm.dll+0x767267]
V  [jvm.dll+0x7689f5]
V  [jvm.dll+0x380059]
V  [jvm.dll+0x74b794]
V  [jvm.dll+0x3ef5cd]
V  [jvm.dll+0x3f1471]
C  [jli.dll+0x51cf]
C  [ucrtbase.dll+0x29363]
C  [KERNEL32.DLL+0x1257d]
C  [ntdll.dll+0x5aa58]


---------------  P R O C E S S  ---------------

Threads class SMR info:
_java_thread_list=0x00007ffcc64f7928, length=0, elements={
}

Java Threads: ( => current thread )

Other Threads:
  0x000001ea44655000 GCTaskThread "GC Thread#0" [stack: 0x00000070fb800000,0x00000070fb900000] [id=43896]
  0x000001ea4466f000 ConcurrentGCThread "G1 Main Marker" [stack: 0x00000070fb900000,0x00000070fba00000] [id=44816]
  0x000001ea44670000 ConcurrentGCThread "G1 Conc#0" [stack: 0x00000070fba00000,0x00000070fbb00000] [id=43956]

[error occurred during error reporting (printing all threads), id 0xc0000005, EXCEPTION_ACCESS_VIOLATION (0xc0000005) at pc=0x00007ffcc5d285e7]

VM state:not at safepoint (not fully initialized)

VM Mutex/Monitor currently owned by a thread:  ([mutex/lock_event])
[0x000001ea445ef350] Heap_lock - owner thread: 0x000001ea445f2000

Heap address: 0x0000000709400000, size: 3948 MB, Compressed Oops mode: Non-zero based: 0x0000000709400000
Narrow klass base: 0x0000000000000000, Narrow klass shift: 0

GC Heap History (0 events):
No events

Deoptimization events (0 events):
No events

Classes redefined (0 events):
No events

Internal exceptions (0 events):
No events

Events (0 events):
No events


Dynamic libraries:
0x00007ff60c6a0000 - 0x00007ff60c6af000 	C:\Program Files\Java\jdk-12.0.2\bin\java.exe
0x00007ffd4b770000 - 0x00007ffd4b987000 	C:\WINDOWS\SYSTEM32\ntdll.dll
0x00007ffd4a570000 - 0x00007ffd4a634000 	C:\WINDOWS\System32\KERNEL32.DLL
0x00007ffd49110000 - 0x00007ffd494b6000 	C:\WINDOWS\System32\KERNELBASE.dll
0x00007ffd48b10000 - 0x00007ffd48c21000 	C:\WINDOWS\System32\ucrtbase.dll
0x00007ffd268a0000 - 0x00007ffd268b6000 	C:\Program Files\Java\jdk-12.0.2\bin\VCRUNTIME140.dll
0x00007ffd38ee0000 - 0x00007ffd38ef8000 	C:\Program Files\Java\jdk-12.0.2\bin\jli.dll
0x00007ffd4ad30000 - 0x00007ffd4ade1000 	C:\WINDOWS\System32\ADVAPI32.dll
0x00007ffd4ac80000 - 0x00007ffd4ad27000 	C:\WINDOWS\System32\msvcrt.dll
0x00007ffd49f90000 - 0x00007ffd4a035000 	C:\WINDOWS\System32\sechost.dll
0x00007ffd4a040000 - 0x00007ffd4a157000 	C:\WINDOWS\System32\RPCRT4.dll
0x00007ffd49540000 - 0x00007ffd496ee000 	C:\WINDOWS\System32\USER32.dll
0x00007ffd48ae0000 - 0x00007ffd48b06000 	C:\WINDOWS\System32\win32u.dll
0x00007ffd4a7d0000 - 0x00007ffd4a7f9000 	C:\WINDOWS\System32\GDI32.dll
0x00007ffd3f300000 - 0x00007ffd3f593000 	C:\WINDOWS\WinSxS\amd64_microsoft.windows.common-controls_6595b64144ccf1df_6.0.22621.2506_none_270c5ae97388e100\COMCTL32.dll
0x00007ffd48da0000 - 0x00007ffd48eb8000 	C:\WINDOWS\System32\gdi32full.dll
0x00007ffd49070000 - 0x00007ffd4910a000 	C:\WINDOWS\System32\msvcp_win.dll
0x00007ffd41010000 - 0x00007ffd4101a000 	C:\WINDOWS\SYSTEM32\VERSION.dll
0x00007ffd496f0000 - 0x00007ffd49721000 	C:\WINDOWS\System32\IMM32.DLL
0x00007ffd0a680000 - 0x00007ffd0a72a000 	C:\Program Files\Java\jdk-12.0.2\bin\msvcp140.dll
0x00007ffcc5a20000 - 0x00007ffcc6597000 	C:\Program Files\Java\jdk-12.0.2\bin\server\jvm.dll
0x00007ffd4a440000 - 0x00007ffd4a448000 	C:\WINDOWS\System32\PSAPI.DLL
0x00007ffd41310000 - 0x00007ffd41344000 	C:\WINDOWS\SYSTEM32\WINMM.dll
0x00007ffd38be0000 - 0x00007ffd38be9000 	C:\WINDOWS\SYSTEM32\WSOCK32.dll
0x00007ffd494c0000 - 0x00007ffd49531000 	C:\WINDOWS\System32\WS2_32.dll
0x00007ffd47bd0000 - 0x00007ffd47be8000 	C:\WINDOWS\SYSTEM32\kernel.appcore.dll
0x00007ffd22040000 - 0x00007ffd22051000 	C:\Program Files\Java\jdk-12.0.2\bin\verify.dll
0x00007ffd3e8d0000 - 0x00007ffd3eb03000 	C:\WINDOWS\SYSTEM32\DBGHELP.DLL
0x00007ffd49ba0000 - 0x00007ffd49f29000 	C:\WINDOWS\System32\combase.dll
0x00007ffd4b650000 - 0x00007ffd4b727000 	C:\WINDOWS\System32\OLEAUT32.dll
0x00007ffd3e260000 - 0x00007ffd3e292000 	C:\WINDOWS\SYSTEM32\dbgcore.DLL
0x00007ffd48ec0000 - 0x00007ffd48f3a000 	C:\WINDOWS\System32\bcryptPrimitives.dll
0x00007ffd22140000 - 0x00007ffd22166000 	C:\Program Files\Java\jdk-12.0.2\bin\java.dll
0x00007ffd22020000 - 0x00007ffd22037000 	C:\Program Files\Java\jdk-12.0.2\bin\zip.dll
0x00007ffd37c90000 - 0x00007ffd37c9a000 	C:\Program Files\Java\jdk-12.0.2\bin\jimage.dll

dbghelp: loaded successfully - version: 4.0.5 - missing functions: none
symbol engine: initialized successfully - sym options: 0x614 - pdb path: .;C:\Program Files\Java\jdk-12.0.2\bin;C:\WINDOWS\SYSTEM32;C:\WINDOWS\WinSxS\amd64_microsoft.windows.common-controls_6595b64144ccf1df_6.0.22621.2506_none_270c5ae97388e100;C:\Program Files\Java\jdk-12.0.2\bin\server

VM Arguments:
jvm_args: -Dfile.encoding=UTF-8 --module-path=C:\Users\anshu\OneDrive\Documents\NetBeansProjects\Airline Management System\build\classes 
java_command: AMS.UpdatePassenger
java_class_path (initial): C:\Users\anshu\Downloads\mysql-connector-j-8.0.32\mysql-connector-j-8.0.32.jar;C:\Users\anshu\Downloads\rs2xml.jar;C:\Users\anshu\OneDrive\Documents\NetBeansProjects\Airline Management System\build\classes
Launcher Type: SUN_STANDARD

[Global flags]
     intx CICompilerCount                          = 12                                        {product} {ergonomic}
     uint ConcGCThreads                            = 3                                         {product} {ergonomic}
     uint G1ConcRefinementThreads                  = 13                                        {product} {ergonomic}
   size_t G1HeapRegionSize                         = 1048576                                   {product} {ergonomic}
    uintx GCDrainStackTargetSize                   = 64                                        {product} {ergonomic}
   size_t InitialHeapSize                          = 260046848                                 {product} {ergonomic}
   size_t MarkStackSize                            = 4194304                                   {product} {ergonomic}
   size_t MaxHeapSize                              = 4139778048                                {product} {ergonomic}
   size_t MinHeapDeltaBytes                        = 1048576                                   {product} {ergonomic}
    uintx NonNMethodCodeHeapSize                   = 7594288                                {pd product} {ergonomic}
    uintx NonProfiledCodeHeapSize                  = 122031976                              {pd product} {ergonomic}
    uintx ProfiledCodeHeapSize                     = 122031976                              {pd product} {ergonomic}
    uintx ReservedCodeCacheSize                    = 251658240                              {pd product} {ergonomic}
     bool SegmentedCodeCache                       = true                                      {product} {ergonomic}
     bool UseCompressedClassPointers               = true                                 {lp64_product} {ergonomic}
     bool UseCompressedOops                        = true                                 {lp64_product} {ergonomic}
     bool UseG1GC                                  = true                                      {product} {ergonomic}
     bool UseLargePagesIndividualAllocation        = false                                  {pd product} {ergonomic}

Logging:
Log output configuration:
 #0: stdout all=warning uptime,level,tags
 #1: stderr all=off uptime,level,tags

Environment Variables:
JAVA_HOME=C:\Program Files\Java\jdk-12.0.2
PATH=C:\app\anshu\product\21c\dbhomeXE\bin;C:\Windows\system32;C:\Windows;C:\Windows\System32\Wbem;C:\Windows\System32\WindowsPowerShell\v1.0\;C:\Windows\System32\OpenSSH\;C:\Program Files (x86)\NVIDIA Corporation\PhysX\Common;C:\Program Files\NVIDIA Corporation\NVIDIA NvDLISR;C:\Program Files\Java\jdk-21\bin;C:\Program Files\dotnet\;C:\WINDOWS\system32;C:\WINDOWS;C:\WINDOWS\System32\Wbem;C:\WINDOWS\System32\WindowsPowerShell\v1.0\;C:\WINDOWS\System32\OpenSSH\;C:\Program Files\Java\jdk-12.0.2\bin;C:\Program Files\MySQL\MySQL Server 8.0\bin;C:\Bhovesh\apache-maven-3.9.6\bin;C:\Program Files\MySQL\MySQL Shell 8.0\bin\;C:\Program Files\Java\jdk-12.0.2\bin
USERNAME=anshu
OS=Windows_NT
PROCESSOR_IDENTIFIER=AMD64 Family 23 Model 96 Stepping 1, AuthenticAMD



---------------  S Y S T E M  ---------------

OS: Windows 10 , 64 bit Build 22621 (10.0.22621.2506)

CPU:total 16 (initial active 16) (16 cores per cpu, 2 threads per core) family 23 model 96 stepping 1, cmov, cx8, fxsr, mmx, sse, sse2, sse3, ssse3, sse4.1, sse4.2, popcnt, avx, avx2, aes, clmul, mmxext, 3dnowpref, lzcnt, sse4a, ht, tsc, tscinvbit, tscinv, bmi1, bmi2, adx, sha, fma

Memory: 4k page, system-wide physical 15789M (4131M free)
TotalPageFile size 64941M (AvailPageFile size 111M)
current process WorkingSet (physical memory assigned to process): 11M, peak: 11M
current process commit charge ("private bytes"): 71M, peak: 319M

vm_info: Java HotSpot(TM) 64-Bit Server VM (12.0.2+10) for windows-amd64 JRE (12.0.2+10), built on Jul 16 2019 01:56:17 by "mach5one" with MS VC++ 15.5 (VS2017)

END.
